Detecting compiler hash for triplet x64-windows...
A suitable version of powershell-core was not found (required v7.5.4).
Downloading https://github.com/PowerShell/PowerShell/releases/download/v7.5.4/PowerShell-7.5.4-win-x64.zip -> PowerShell-7.5.4-win-x64.zip
Successfully downloaded PowerShell-7.5.4-win-x64.zip
Extracting powershell-core...
A suitable version of 7zip was not found (required v26.0.0).
Downloading https://github.com/ip7z/7zip/releases/download/26.00/7z2600.exe -> 7z2600.7z.exe
Successfully downloaded 7z2600.7z.exe
Extracting 7zip...
A suitable version of 7zr was not found (required v26.0.0).
Downloading https://github.com/ip7z/7zip/releases/download/26.00/7zr.exe -> a30f8a21-7zr.exe
Successfully downloaded a30f8a21-7zr.exe
Compiler found: C:/Program Files (x86)/Microsoft Visual Studio/2022/BuildTools/VC/Tools/MSVC/14.43.34808/bin/Hostx64/x64/cl.exe
The following packages will be built and installed:
  * egl-registry:x64-windows@2025-05-27
    glad[core,loader]:x64-windows@0.1.36
    glfw3:x64-windows@3.4#1
    glm:x64-windows@1.0.3
  * opengl-registry:x64-windows@2026-01-26
  * vcpkg-cmake:x64-windows@2024-04-23
  * vcpkg-cmake-config:x64-windows@2024-05-23
Additional packages (*) will be modified to complete this operation.
Restored 0 package(s) from C:\Users\DELL\AppData\Local\vcpkg\archives in 534 us. Use --debug to see more details.
Installing 1/7 vcpkg-cmake-config:x64-windows@2024-05-23...
vcpkg-cmake-config:x64-windows@2024-05-23 package ABI: d0be78187684cbd3c482042c779af5f37d784d8d1c34a2697309cf742c99e98a
Building vcpkg-cmake-config:x64-windows@2024-05-23...
-- Installing: D:/dev/vcpkg/packages/vcpkg-cmake-config_x64-windows/share/vcpkg-cmake-config/vcpkg_cmake_config_fixup.cmake
-- Installing: D:/dev/vcpkg/packages/vcpkg-cmake-config_x64-windows/share/vcpkg-cmake-config/vcpkg-port-config.cmake
-- Installing: D:/dev/vcpkg/packages/vcpkg-cmake-config_x64-windows/share/vcpkg-cmake-config/copyright
-- Skipping post-build validation due to VCPKG_POLICY_EMPTY_PACKAGE
Starting submission of vcpkg-cmake-config:x64-windows@2024-05-23 to 1 binary cache(s) in the background
Elapsed time to handle vcpkg-cmake-config:x64-windows: 786 ms
Installing 2/7 vcpkg-cmake:x64-windows@2024-04-23...
vcpkg-cmake:x64-windows@2024-04-23 package ABI: f23f183325553cc2996a8dea09b8bd8d4dfad92f170466c9d0ed94f1d884239e
Building vcpkg-cmake:x64-windows@2024-04-23...
-- Installing: D:/dev/vcpkg/packages/vcpkg-cmake_x64-windows/share/vcpkg-cmake/vcpkg_cmake_configure.cmake
-- Installing: D:/dev/vcpkg/packages/vcpkg-cmake_x64-windows/share/vcpkg-cmake/vcpkg_cmake_build.cmake
-- Installing: D:/dev/vcpkg/packages/vcpkg-cmake_x64-windows/share/vcpkg-cmake/vcpkg_cmake_install.cmake
-- Installing: D:/dev/vcpkg/packages/vcpkg-cmake_x64-windows/share/vcpkg-cmake/vcpkg-port-config.cmake
-- Installing: D:/dev/vcpkg/packages/vcpkg-cmake_x64-windows/share/vcpkg-cmake/copyright
-- Performing post-build validation
Starting submission of vcpkg-cmake:x64-windows@2024-04-23 to 1 binary cache(s) in the background
Elapsed time to handle vcpkg-cmake:x64-windows: 1.5 s
Completed submission of vcpkg-cmake-config:x64-windows@2024-05-23 to 1 binary cache(s) in 1.1 s
Installing 3/7 egl-registry:x64-windows@2025-05-27...
egl-registry:x64-windows@2025-05-27 package ABI: 0eea76db512dacdb50a544f3f4078c84c989f4c11231602fbecf0935a8127a60
Building egl-registry:x64-windows@2025-05-27...
Downloading https://github.com/KhronosGroup/EGL-Registry/archive/3ae2b7c48690d2ce13cc6db3db02dfc0572be65e.tar.gz -> KhronosGroup-EGL-Registry-3ae2b7c48690d2ce13cc6db3db02dfc0572be65e.tar.gz
Successfully downloaded KhronosGroup-EGL-Registry-3ae2b7c48690d2ce13cc6db3db02dfc0572be65e.tar.gz
-- Extracting source D:/dev/vcpkg/downloads/KhronosGroup-EGL-Registry-3ae2b7c48690d2ce13cc6db3db02dfc0572be65e.tar.gz
-- Using source at D:/dev/vcpkg/buildtrees/egl-registry/src/c0572be65e-4257a9ad9b.clean
-- Installing: D:/dev/vcpkg/packages/egl-registry_x64-windows/share/egl-registry/copyright
-- Performing post-build validation
Starting submission of egl-registry:x64-windows@2025-05-27 to 1 binary cache(s) in the background
Elapsed time to handle egl-registry:x64-windows: 7 s
Completed submission of vcpkg-cmake:x64-windows@2024-04-23 to 1 binary cache(s) in 1.3 s
Installing 4/7 opengl-registry:x64-windows@2026-01-26...
opengl-registry:x64-windows@2026-01-26 package ABI: c4da37ad71d2440be3ad68099e97a6d8ca8e3841124d9368e50b72bd4ae4509e
Building opengl-registry:x64-windows@2026-01-26...
Downloading https://github.com/KhronosGroup/OpenGL-Registry/archive/0b449b97cdf1043eef5e1f0e235cbbab6ec10c86.tar.gz -> KhronosGroup-OpenGL-Registry-0b449b97cdf1043eef5e1f0e235cbbab6ec10c86.tar.gz
Successfully downloaded KhronosGroup-OpenGL-Registry-0b449b97cdf1043eef5e1f0e235cbbab6ec10c86.tar.gz
-- Extracting source D:/dev/vcpkg/downloads/KhronosGroup-OpenGL-Registry-0b449b97cdf1043eef5e1f0e235cbbab6ec10c86.tar.gz
-- Using source at D:/dev/vcpkg/buildtrees/opengl-registry/src/ab6ec10c86-88344330ab.clean
-- Installing: D:/dev/vcpkg/packages/opengl-registry_x64-windows/share/opengl-registry/copyright
-- Performing post-build validation
Starting submission of opengl-registry:x64-windows@2026-01-26 to 1 binary cache(s) in the background
Elapsed time to handle opengl-registry:x64-windows: 52 s
Completed submission of egl-registry:x64-windows@2025-05-27 to 1 binary cache(s) in 21 s
Installing 5/7 glad[core,loader]:x64-windows@0.1.36...
glad[core,loader]:x64-windows@0.1.36 package ABI: 5be585ca96dcb4eea32447ee3a1cd82538f177f81108e125184fb11072dab16a
Building glad[core,loader]:x64-windows@0.1.36...
-- Note: glad only supports static library linkage. Building static library.
Downloading https://github.com/Dav1dde/glad/archive/1ecd45775d96f35170458e6b148eb0708967e402.tar.gz -> Dav1dde-glad-1ecd45775d96f35170458e6b148eb0708967e402.tar.gz
Successfully downloaded Dav1dde-glad-1ecd45775d96f35170458e6b148eb0708967e402.tar.gz
-- Extracting source D:/dev/vcpkg/downloads/Dav1dde-glad-1ecd45775d96f35170458e6b148eb0708967e402.tar.gz
-- Applying patch encoding.patch
-- Applying patch find_python.patch
-- Using source at D:/dev/vcpkg/buildtrees/glad/src/708967e402-274d415499.clean
-- This version of glad uses the compatibility profile. To use the core profile instead, create an overlay port of this with GLAD_PROFILE set to 'core' or set GLAD_PROFILE to 'core' in a custom triplet.
-- This recipe is at D:/dev/vcpkg/ports/glad
-- See the overlay ports documentation at https://github.com/microsoft/vcpkg/blob/master/docs/specifications/ports-overlay.md
Downloading https://www.python.org/ftp/python/3.14.2/python-3.14.2-embed-amd64.zip -> python-3.14.2-embed-amd64.zip
Successfully downloaded python-3.14.2-embed-amd64.zip
-- Configuring x64-windows
-- Building x64-windows-dbg
-- Building x64-windows-rel
-- Installing: D:/dev/vcpkg/packages/glad_x64-windows/share/glad/copyright
-- Performing post-build validation
Starting submission of glad[core,loader]:x64-windows@0.1.36 to 1 binary cache(s) in the background
Elapsed time to handle glad:x64-windows: 1.1 min
Completed submission of opengl-registry:x64-windows@2026-01-26 to 1 binary cache(s) in 13 s
Installing 6/7 glfw3:x64-windows@3.4#1...
glfw3:x64-windows@3.4#1 package ABI: 60ec4ad18dd6e01247450a1e9e10159d4fd0accd89be9279a8a93ca72fcd5a58
Building glfw3:x64-windows@3.4#1...
Downloading https://github.com/glfw/glfw/archive/3.4.tar.gz -> glfw-glfw-3.4.tar.gz
Successfully downloaded glfw-glfw-3.4.tar.gz
-- Extracting source D:/dev/vcpkg/downloads/glfw-glfw-3.4.tar.gz
-- Using source at D:/dev/vcpkg/buildtrees/glfw3/src/3.4-2448ff4533.clean
-- Configuring x64-windows
-- Building x64-windows-dbg
-- Building x64-windows-rel
-- Fixing pkgconfig file: D:/dev/vcpkg/packages/glfw3_x64-windows/lib/pkgconfig/glfw3.pc
Downloading msys2-mingw-w64-x86_64-pkgconf-1~2.5.1-1-any.pkg.tar.zst, trying https://mirror.msys2.org/mingw/mingw64/mingw-w64-x86_64-pkgconf-1~2.5.1-1-any.pkg.tar.zst
Successfully downloaded msys2-mingw-w64-x86_64-pkgconf-1~2.5.1-1-any.pkg.tar.zst
Downloading msys2-msys2-runtime-3.6.5-1-x86_64.pkg.tar.zst, trying https://mirror.msys2.org/msys/x86_64/msys2-runtime-3.6.5-1-x86_64.pkg.tar.zst
Successfully downloaded msys2-msys2-runtime-3.6.5-1-x86_64.pkg.tar.zst
-- Using msys root at D:/dev/vcpkg/downloads/tools/msys2/3e71d1f8e22ab23f
-- Fixing pkgconfig file: D:/dev/vcpkg/packages/glfw3_x64-windows/debug/lib/pkgconfig/glfw3.pc
-- Installing: D:/dev/vcpkg/packages/glfw3_x64-windows/share/glfw3/copyright
-- Performing post-build validation
Starting submission of glfw3:x64-windows@3.4#1 to 1 binary cache(s) in the background
Elapsed time to handle glfw3:x64-windows: 1.9 min
Completed submission of glad[core,loader]:x64-windows@0.1.36 to 1 binary cache(s) in 4.8 s
Installing 7/7 glm:x64-windows@1.0.3...
glm:x64-windows@1.0.3 package ABI: b9de25f4a8f12e6a377c8e06f7824385424b1f1e067728bfc2b2e4af96a57005
Building glm:x64-windows@1.0.3...
-- Note: glm only supports static library linkage. Building static library.
Downloading https://github.com/g-truc/glm/archive/1.0.3.tar.gz -> g-truc-glm-1.0.3.tar.gz
Successfully downloaded g-truc-glm-1.0.3.tar.gz
-- Extracting source D:/dev/vcpkg/downloads/g-truc-glm-1.0.3.tar.gz
-- Using source at D:/dev/vcpkg/buildtrees/glm/src/1.0.3-65552ff9f1.clean
-- Configuring x64-windows
-- Building x64-windows-dbg
-- Building x64-windows-rel
-- Installing: D:/dev/vcpkg/packages/glm_x64-windows/share/glm/copyright
-- Installing: D:/dev/vcpkg/packages/glm_x64-windows/share/glm/usage
-- Performing post-build validation
Starting submission of glm:x64-windows@1.0.3 to 1 binary cache(s) in the background
Elapsed time to handle glm:x64-windows: 56 s
Installed contents are licensed to you by owners. Microsoft is not responsible for, nor does it grant any licenses to, third-party packages.
Some packages did not declare an SPDX license. Check the `copyright` file for each package for more information about their licensing.
Packages installed in this vcpkg installation declare the following licenses:
Apache-2.0
MIT
Zlib
glad provides CMake targets:

  # this is heuristically generated, and may not be correct
  find_package(glad CONFIG REQUIRED)
  target_link_libraries(main PRIVATE glad::glad)

glfw3 provides CMake targets:

  # this is heuristically generated, and may not be correct
  find_package(glfw3 CONFIG REQUIRED)
  target_link_libraries(main PRIVATE glfw)

glfw3 provides pkg-config modules:

  # A multi-platform library for OpenGL, window and input
  glfw3

The package glm provides CMake targets:

    find_package(glm CONFIG REQUIRED)
    target_link_libraries(main PRIVATE glm::glm)

    # Or use the header-only version
    find_package(glm CONFIG REQUIRED)
    target_link_libraries(main PRIVATE glm::glm-header-only)

Completed submission of glfw3:x64-windows@3.4#1 to 1 binary cache(s) in 1.3 s
Waiting for 1 remaining binary cache submissions...
Completed submission of glm:x64-windows@1.0.3 to 1 binary cache(s) in 5.1 s (1/1)
All requested installations completed successfully in: 4.9 min
